{"log":
 [{"message":
   ".> LEAN_PATH=/Users/richardzandi/UCI/.lake/packages/Cli/.lake/build/lib/lean:/Users/richardzandi/UCI/.lake/packages/batteries/.lake/build/lib/lean:/Users/richardzandi/UCI/.lake/packages/Qq/.lake/build/lib/lean:/Users/richardzandi/UCI/.lake/packages/aesop/.lake/build/lib/lean:/Users/richardzandi/UCI/.lake/packages/proofwidgets/.lake/build/lib/lean:/Users/richardzandi/UCI/.lake/packages/importGraph/.lake/build/lib/lean:/Users/richardzandi/UCI/.lake/packages/LeanSearchClient/.lake/build/lib/lean:/Users/richardzandi/UCI/.lake/packages/plausible/.lake/build/lib/lean:/Users/richardzandi/UCI/.lake/packages/mathlib/.lake/build/lib/lean:/Users/richardzandi/UCI/.lake/packages/godelnumbering/.lake/build/lib/lean:/Users/richardzandi/UCI/.lake/packages/Kleene2/.lake/build/lib/lean:/Users/richardzandi/UCI/.lake/build/lib/lean /Users/richardzandi/.elan/toolchains/leanprover--lean4---v4.20.0/bin/lean /Users/richardzandi/UCI/UCI/UCICore.lean -R /Users/richardzandi/UCI -o /Users/richardzandi/UCI/.lake/build/lib/lean/UCI/UCICore.olean -i /Users/richardzandi/UCI/.lake/build/lib/lean/UCI/UCICore.ilean -c /Users/richardzandi/UCI/.lake/build/ir/UCI/UCICore.c --json",
   "level": "trace"},
  {"message":
   "/Users/richardzandi/UCI/UCI/UCICore.lean:173:10: try 'simp at hEq'' instead of 'simpa using hEq''\nnote: this linter can be disabled with `set_option linter.unnecessarySimpa false`",
   "level": "warning"},
  {"message":
   "/Users/richardzandi/UCI/UCI/UCICore.lean:181:10: try 'simp at hEq'' instead of 'simpa using hEq''\nnote: this linter can be disabled with `set_option linter.unnecessarySimpa false`",
   "level": "warning"},
  {"message":
   "/Users/richardzandi/UCI/UCI/UCICore.lean:188:0: -- Found 0 errors in 9 declarations (plus 25 automatically generated ones) in the current file with 15 linters\n\n\n-- All linting checks passed!",
   "level": "info"}],
 "inputs":
 [["UCI.UCICore:deps",
   [["deps",
     [["UCI/UCI:extraDep", [["@UCI:extraDep", "1723"]]],
      ["import oleans",
       [["Mathlib.Computability.PartrecCode:olean",
         [["Mathlib.Computability.PartrecCode:deps", "11606261439754175653"],
          ["/Users/richardzandi/UCI/.lake/packages/mathlib/.lake/build/lib/lean/Mathlib/Computability/PartrecCode.olean",
           "14567505937562371066"]]],
        ["Mathlib.Computability.Primrec:olean",
         [["Mathlib.Computability.Primrec:deps", "15005026726680477970"],
          ["/Users/richardzandi/UCI/.lake/packages/mathlib/.lake/build/lib/lean/Mathlib/Computability/Primrec.olean",
           "3549641494788880141"]]],
        ["Mathlib.Data.Bool.Basic:olean",
         [["Mathlib.Data.Bool.Basic:deps", "705030180648738486"],
          ["/Users/richardzandi/UCI/.lake/packages/mathlib/.lake/build/lib/lean/Mathlib/Data/Bool/Basic.olean",
           "8605534428697544352"]]],
        ["Kleene2.KleeneFix:olean",
         [["Kleene2.KleeneFix:deps", "2093117061109296486"],
          ["/Users/richardzandi/UCI/.lake/packages/Kleene2/.lake/build/lib/lean/Kleene2/KleeneFix.olean",
           "10223511334262028492"]]],
        ["Godelnumbering.Transport:olean",
         [["Godelnumbering.Transport:deps", "5112432756966874172"],
          ["/Users/richardzandi/UCI/.lake/packages/godelnumbering/.lake/build/lib/lean/Godelnumbering/Transport.olean",
           "16495781264250435466"]]]]]]],
    ["libs",
     [["import dynlibs", "1723"],
      ["package external libraries", "1723"],
      ["module dynlibs", "1723"],
      ["module plugins", "1723"]]]]],
  ["Lean 4.20.0, commit 77cfc4d1a4f6ef6651792b781eaa6676b4f3f060",
   "16311077432335102250"],
  ["Module.leanArgs: #[]", "1723"],
  ["/Users/richardzandi/UCI/UCI/UCICore.lean", "14783175693242206283"]],
 "depHash": "17990777515821499108"}